<?xml version="1.0" encoding="UTF-8"?>
<testng-results ignored="0" total="1" passed="1" failed="0" skipped="0">
  <reporter-output>
  </reporter-output>
  <suite started-at="2023-05-08T16:16:02 IST" name="Default suite" finished-at="2023-05-08T16:16:08 IST" duration-ms="6360">
    <groups>
    </groups>
    <test started-at="2023-05-08T16:16:02 IST" name="Default test" finished-at="2023-05-08T16:16:08 IST" duration-ms="6360">
      <class name="httpsRequest.HeadersDemo">
        <test-method signature="getHeaders()[pri:2, instance:httpsRequest.HeadersDemo@2b91004a]" started-at="2023-05-08T16:16:02 IST" name="getHeaders" finished-at="2023-05-08T16:16:08 IST" duration-ms="6253" status="PASS">
          <reporter-output>
          </reporter-output>
        </test-method> <!-- getHeaders -->
      </class> <!-- httpsRequest.HeadersDemo -->
    </test> <!-- Default test -->
  </suite> <!-- Default suite -->
</testng-results>
